<?xml version="1.0" encoding="UTF-8"?>
<!-- Generated by org.testng.reporters.JUnitXMLReporter -->
<testsuite hostname="Nikhil" ignored="0" name="Default test" tests="6" failures="0" timestamp="2022-07-17T11:10:49 IST" time="122.44" errors="0">
  <testcase name="VerifyTest" time="0.08" classname="TestClass.TestCase1"/>
  <testcase name="Title" time="0.019" classname="TestClass.TestCase1"/>
  <testcase name="ratingPoint" time="0.035" classname="TestClass.TestCase1"/>
  <testcase name="reviewPrint" time="0.038" classname="TestClass.TestCase1"/>
  <testcase name="VerifyLink" time="0.067" classname="TestClass.TestCase1"/>
  <testcase name="VerifyNumber" time="8.354" classname="TestClass.TestCase1"/>
</testsuite> <!-- Default test -->
